<?xml version="1.0" encoding="UTF-8"?>
<testng-results ignored="0" total="4" passed="4" failed="0" skipped="0">
  <reporter-output>
  </reporter-output>
  <suite started-at="2026-04-08T09:16:15 ART" name="Default suite" finished-at="2026-04-08T09:16:20 ART" duration-ms="4446">
    <groups>
    </groups>
    <test started-at="2026-04-08T09:16:15 ART" name="Default test" finished-at="2026-04-08T09:16:20 ART" duration-ms="4446">
      <class name="mainTest.SearchSitioGestionVehicular">
        <test-method is-config="true" signature="initPageFactory()[pri:0, instance:mainTest.SearchSitioGestionVehicular@55fe41ea]" started-at="2026-04-08T09:16:15 ART" name="initPageFactory" finished-at="2026-04-08T09:16:16 ART" duration-ms="1253" status="PASS">
          <reporter-output>
          </reporter-output>
        </test-method> <!-- initPageFactory -->
        <test-method signature="loadPage()[pri:1, instance:mainTest.SearchSitioGestionVehicular@55fe41ea]" started-at="2026-04-08T09:16:16 ART" name="loadPage" finished-at="2026-04-08T09:16:17 ART" duration-ms="366" status="PASS">
          <reporter-output>
          </reporter-output>
        </test-method> <!-- loadPage -->
        <test-method signature="clickBtnEmpleo()[pri:2, instance:mainTest.SearchSitioGestionVehicular@55fe41ea]" started-at="2026-04-08T09:16:17 ART" name="clickBtnEmpleo" finished-at="2026-04-08T09:16:17 ART" duration-ms="3" status="PASS">
          <reporter-output>
          </reporter-output>
        </test-method> <!-- clickBtnEmpleo -->
        <test-method signature="login()[pri:3, instance:mainTest.SearchSitioGestionVehicular@55fe41ea]" started-at="2026-04-08T09:16:17 ART" name="login" finished-at="2026-04-08T09:16:18 ART" duration-ms="1547" status="PASS">
          <reporter-output>
          </reporter-output>
        </test-method> <!-- login -->
        <test-method signature="apartadoVehiculos()[pri:6, instance:mainTest.SearchSitioGestionVehicular@55fe41ea]" started-at="2026-04-08T09:16:18 ART" name="apartadoVehiculos" finished-at="2026-04-08T09:16:20 ART" duration-ms="1232" status="PASS">
          <reporter-output>
          </reporter-output>
        </test-method> <!-- apartadoVehiculos -->
      </class> <!-- mainTest.SearchSitioGestionVehicular -->
    </test> <!-- Default test -->
  </suite> <!-- Default suite -->
</testng-results>
