<?xml version="1.0" encoding="UTF-8"?>
<!-- Generated by org.testng.reporters.JUnitReportReporter -->
<testsuite hostname="INGRID" failures="0" tests="8" name="mainTest.SearchGuardavidaMain" time="11.595" errors="0" timestamp="2025-11-20T10:23:30 ART" skipped="0">
  <testcase classname="mainTest.SearchGuardavidaMain" name="login" time="1.683"/>
  <testcase classname="mainTest.SearchGuardavidaMain" name="listadoGuardavidas" time="4.712"/>
  <testcase classname="mainTest.SearchGuardavidaMain" name="listadoAsistencias" time="0.585"/>
  <testcase classname="mainTest.SearchGuardavidaMain" name="listadoTurnos" time="0.600"/>
  <testcase classname="mainTest.SearchGuardavidaMain" name="intervenciones" time="0.606"/>
  <testcase classname="mainTest.SearchGuardavidaMain" name="seccionBanderas" time="0.619"/>
  <testcase classname="mainTest.SearchGuardavidaMain" name="misAsistencias" time="1.602"/>
  <testcase classname="mainTest.SearchGuardavidaMain" name="cerrarSesion" time="1.188"/>
</testsuite> <!-- mainTest.SearchGuardavidaMain -->
