<?xml version="1.0" encoding="UTF-8"?>
<!-- Generated by org.testng.reporters.JUnitReportReporter -->
<testsuite hostname="INGRID" failures="0" tests="8" name="src.mainTest.SearchGuardavidaMain" time="9.151" errors="0" timestamp="2025-11-26T09:38:39 ART" skipped="0">
  <testcase classname="src.mainTest.SearchGuardavidaMain" name="login" time="1.785"/>
  <testcase classname="src.mainTest.SearchGuardavidaMain" name="listadoGuardavidas" time="2.191"/>
  <testcase classname="src.mainTest.SearchGuardavidaMain" name="listadoAsistencias" time="0.571"/>
  <testcase classname="src.mainTest.SearchGuardavidaMain" name="listadoTurnos" time="0.584"/>
  <testcase classname="src.mainTest.SearchGuardavidaMain" name="intervenciones" time="0.600"/>
  <testcase classname="src.mainTest.SearchGuardavidaMain" name="seccionBanderas" time="0.588"/>
  <testcase classname="src.mainTest.SearchGuardavidaMain" name="misAsistencias" time="1.682"/>
  <testcase classname="src.mainTest.SearchGuardavidaMain" name="cerrarSesion" time="1.150"/>
</testsuite> <!-- src.mainTest.SearchGuardavidaMain -->
