<?xml version="1.0" encoding="UTF-8"?>
<!-- Generated by org.testng.reporters.JUnitReportReporter -->
<testsuite hostname="INGRID" failures="0" tests="4" name="mainTest.SearchSitioGestionVehicular" time="3.148" errors="0" timestamp="2026-04-08T09:16:20 ART" skipped="0">
  <testcase classname="mainTest.SearchSitioGestionVehicular" name="loadPage" time="0.366"/>
  <testcase classname="mainTest.SearchSitioGestionVehicular" name="clickBtnEmpleo" time="0.003"/>
  <testcase classname="mainTest.SearchSitioGestionVehicular" name="login" time="1.547"/>
  <testcase classname="mainTest.SearchSitioGestionVehicular" name="apartadoVehiculos" time="1.232"/>
</testsuite> <!-- mainTest.SearchSitioGestionVehicular -->
